
could not source "/etc/xdg/nvim/sysinit.vim"
could not source "$VIM/sysinit.vim"
not found in 'runtimepath': "autoload/functions/vim.vim"
not found in 'packpath': "pack/*/start/*/autoload/functions/vim.vim"
not found in 'packpath': "start/*/autoload/functions/vim.vim"
not found in 'packpath': "pack/*/start/termdebug"
not found in 'runtimepath': "spell/en.vim"
not found in 'packpath': "pack/*/start/*/spell/en.vim"
not found in 'packpath': "start/*/spell/en.vim"
not found in 'packpath': "pack/*/start/*/ftdetect/*.vim"
not found in 'packpath': "start/*/ftdetect/*.vim"
not found in 'packpath': "pack/*/start/*/filetype.vim"
not found in 'packpath': "start/*/filetype.vim"
not found in 'packpath': "pack/*/start/*/ftdetect/*.vim"
not found in 'packpath': "start/*/ftdetect/*.vim"
not found in 'packpath': "pack/*/start/*/filetype.vim"
not found in 'packpath': "start/*/filetype.vim"
not found in 'packpath': "pack/*/start/*/ftplugin.vim"
not found in 'packpath': "start/*/ftplugin.vim"
not found in 'packpath': "pack/*/start/*/indent.vim"
not found in 'packpath': "start/*/indent.vim"
not found in 'packpath': "pack/*/start/*/syntax/syncolor.vim"
not found in 'packpath': "start/*/syntax/syncolor.vim"
not found in 'packpath': "pack/*/start/termdebug"
not found in 'packpath': "pack/*/start/*/syntax/syncolor.vim"
not found in 'packpath': "start/*/syntax/syncolor.vim"
not found in 'packpath': "pack/*/start/*/syntax/syncolor.vim"
not found in 'packpath': "start/*/syntax/syncolor.vim"
not found in 'packpath': "pack/*/start/*/syntax/syncolor.vim"
not found in 'packpath': "start/*/syntax/syncolor.vim"
not found in 'packpath': "pack/*/start/*"
not found in 'packpath': "start/*"
--- Autocommands ---
not found in 'packpath': "pack/*/start/matchit"
not found in 'packpath': "pack/*/start/*"
not found in 'packpath': "start/*"
not found in 'runtimepath': "autoload/vsnip_integ/integration/nvimlsp.vim"
not found in 'packpath': "pack/*/start/*/autoload/vsnip_integ/integration/nvimlsp.vim"
not found in 'packpath': "start/*/autoload/vsnip_integ/integration/nvimlsp.vim"
not found in 'packpath': "pack/*/start/*/plugin/**/*.vim"
not found in 'packpath': "start/*/plugin/**/*.vim"
Reading ShaDa file "/home/hashedupforyou101/.local/share/nvim/shada/main.shada" info marks oldfiles
not found in 'runtimepath': "ftplugin/NvimTree.vim ftplugin/NvimTree_*.vim ftplugin/NvimTree/*.vim"
not found in 'packpath': "pack/*/start/*/ftplugin/NvimTree.vim ftplugin/NvimTree_*.vim ftplugin/NvimTree/*.vim"
not found in 'packpath': "start/*/ftplugin/NvimTree.vim ftplugin/NvimTree_*.vim ftplugin/NvimTree/*.vim"
not found in 'runtimepath': "indent/NvimTree.vim"
not found in 'packpath': "pack/*/start/*/indent/NvimTree.vim"
not found in 'packpath': "start/*/indent/NvimTree.vim"
not found in 'runtimepath': "syntax/NvimTree.vim syntax/NvimTree/*.vim"
not found in 'packpath': "pack/*/start/*/syntax/NvimTree.vim syntax/NvimTree/*.vim"
not found in 'packpath': "start/*/syntax/NvimTree.vim syntax/NvimTree/*.vim"
not found in 'runtimepath': "autoload/context_filetype.vim"
not found in 'packpath': "pack/*/start/*/autoload/context_filetype.vim"
not found in 'packpath': "start/*/autoload/context_filetype.vim"
Error detected while processing function deoplete#enable[9]..deoplete#initialize[1]..deoplete#init#_initialize:
line   13:
E117: Unknown function: context_filetype#get
Error detected while processing function <SNR>137_loaded_dashboard[3]..dashboard#instance:
line   88:
E490: No fold found
not found in 'runtimepath': "ftplugin/dashboard.vim ftplugin/dashboard_*.vim ftplugin/dashboard/*.vim"
not found in 'packpath': "pack/*/start/*/ftplugin/dashboard.vim ftplugin/dashboard_*.vim ftplugin/dashboard/*.vim"
not found in 'packpath': "start/*/ftplugin/dashboard.vim ftplugin/dashboard_*.vim ftplugin/dashboard/*.vim"
not found in 'runtimepath': "indent/dashboard.vim"
not found in 'packpath': "pack/*/start/*/indent/dashboard.vim"
not found in 'packpath': "start/*/indent/dashboard.vim"
not found in 'packpath': "pack/*/start/*/syntax/dashboard.vim syntax/dashboard/*.vim"
not found in 'packpath': "start/*/syntax/dashboard.vim syntax/dashboard/*.vim"
TextChanged
filetype detection:ON  plugin:ON  indent:ON

not found in 'runtimepath': "autoload/clap/themes/wal.vim"
not found in 'packpath': "pack/*/start/*/autoload/clap/themes/wal.vim"
not found in 'packpath': "start/*/autoload/clap/themes/wal.vim"
Error detected while processing function clap#[46]..clap#for[16]..clap#state#clear_pre[10]..clap#indicator#clear:
line    1:
E108: No such variable: "s:matches_number"
Error detected while processing function clap#[46]..clap#for[41]..clap#floating_win#open[10]..<SNR>227_open_win_border_left:
line    5:
E5555: API call: Invalid key 'zindex'
TextChanged

Writing ShaDa file "/home/hashedupforyou101/.local/share/nvim/shada/main.shada"